2023-10-12 09:00:00 - INFO - Application started.
2023-10-12 09:05:23 - WARNING - Database connection failed.
2023-10-12 09:10:15 - ERROR - Request processing error: 404 Not Found.
2023-10-12 09:12:45 - INFO - User 'Alice' logged in.
2023-10-12 09:15:32 - INFO - User 'Bob' logged in.
2023-10-12 09:20:10 - INFO - New data entry added.
2023-10-12 09:22:55 - ERROR - Application crashed unexpectedly.
2023-10-12 09:25:17 - INFO - User 'Eve' logged in.
2023-10-12 09:30:42 - INFO - Task completed successfully.
2023-10-12 09:35:18 - WARNING - Memory usage is high.
2023-10-12 09:40:05 - INFO - User 'Charlie' logged in.
2023-10-12 09:45:28 - ERROR - Database connection lost.
2023-10-12 09:50:14 - INFO - File 'report.pdf' downloaded.
2023-10-12 09:55:37 - INFO - User 'David' logged in.
2023-10-12 10:00:03 - WARNING - Disk space is running low.
2023-10-12 10:05:20 - INFO - Task started.
2023-10-12 10:10:59 - ERROR - Request timeout.
2023-10-12 10:15:09 - INFO - User 'Frank' logged in.
2023-10-12 10:20:30 - INFO - Task completed successfully.
2023-10-12 10:25:42 - INFO - User 'Grace' logged in.
2023-10-12 10:30:12 - INFO - New data entry added.
2023-10-12 10:35:29 - ERROR - Application crashed unexpectedly.
2023-10-12 10:40:18 - INFO - User 'Helen' logged in.
2023-10-12 10:45:37 - INFO - Task started.
2023-10-12 10:50:01 - WARNING - Database performance degradation.
2023-10-12 10:55:25 - INFO - User 'Ivan' logged in.
2023-10-12 11:00:02 - INFO - Application restarted.
2023-10-12 11:05:19 - INFO - Task completed successfully.
2023-10-12 11:10:36 - INFO - User 'Jack' logged in.
2023-10-12 11:15:47 - WARNING - Network connectivity issues.
2023-10-12 11:20:09 - INFO - User 'Kate' logged in.
2023-10-12 11:25:32 - INFO - New data entry added.
2023-10-12 11:30:14 - ERROR - Database connection lost.
